<?xml version="1.0" encoding="UTF-8"?>
<testsuite name="com.amsoft.shopping.infrastructure.mapper.ProductMapperTest" tests="2" skipped="0" failures="0" errors="0" timestamp="2023-06-02T12:52:34" hostname="alex-pumnea-mba.local" time="0.001">
  <properties/>
  <testcase name="shouldMapBookToBookDto()" classname="com.amsoft.shopping.infrastructure.mapper.ProductMapperTest" time="0.0"/>
  <testcase name="shouldMapElectronicsToElectronicsDto()" classname="com.amsoft.shopping.infrastructure.mapper.ProductMapperTest" time="0.001"/>
  <system-out><![CDATA[]]></system-out>
  <system-err><![CDATA[]]></system-err>
</testsuite>
