<?xml version="1.0" encoding="UTF-8"?>
<testsuite name="com.amsoft.shopping.core.service.ShoppingCartServiceTest" tests="5" skipped="0" failures="0" errors="0" timestamp="2023-06-02T12:52:34" hostname="alex-pumnea-mba.local" time="0.015">
  <properties/>
  <testcase name="shouldRemoveFromCartOneItem()" classname="com.amsoft.shopping.core.service.ShoppingCartServiceTest" time="0.011"/>
  <testcase name="shouldReturnTotalPriceOfTenDotNinetyNine()" classname="com.amsoft.shopping.core.service.ShoppingCartServiceTest" time="0.001"/>
  <testcase name="shouldAddToCartTwoItems()" classname="com.amsoft.shopping.core.service.ShoppingCartServiceTest" time="0.001"/>
  <testcase name="shouldReturnThreeItems()" classname="com.amsoft.shopping.core.service.ShoppingCartServiceTest" time="0.001"/>
  <testcase name="shouldCallDisplayCartItems()" classname="com.amsoft.shopping.core.service.ShoppingCartServiceTest" time="0.0"/>
  <system-out><![CDATA[]]></system-out>
  <system-err><![CDATA[]]></system-err>
</testsuite>
