<?xml version="1.0" encoding="UTF-8"?>
<testsuite name="com.amsoft.shopping.infrastructure.repository.ProductRepositoryImplTest" tests="4" skipped="0" failures="0" errors="0" timestamp="2023-06-02T12:52:34" hostname="alex-pumnea-mba.local" time="0.018">
  <properties/>
  <testcase name="shouldRemoveTenProducts()" classname="com.amsoft.shopping.infrastructure.repository.ProductRepositoryImplTest" time="0.016"/>
  <testcase name="shouldAddProductWithQuantityTen()" classname="com.amsoft.shopping.infrastructure.repository.ProductRepositoryImplTest" time="0.0"/>
  <testcase name="shouldUpdateProductQuantityFromFiveToEight()" classname="com.amsoft.shopping.infrastructure.repository.ProductRepositoryImplTest" time="0.0"/>
  <testcase name="shouldReturnAllProducts()" classname="com.amsoft.shopping.infrastructure.repository.ProductRepositoryImplTest" time="0.001"/>
  <system-out><![CDATA[]]></system-out>
  <system-err><![CDATA[]]></system-err>
</testsuite>
