<?xml version="1.0" encoding="UTF-8"?>
<testsuite name="com.amsoft.shopping.core.factory.ElectronicsFactoryTest" tests="2" skipped="0" failures="0" errors="0" timestamp="2023-06-02T12:52:34" hostname="alex-pumnea-mba.local" time="0.002">
  <properties/>
  <testcase name="createProduct_ShouldCreateElectronicsWithGivenAttributes()" classname="com.amsoft.shopping.core.factory.ElectronicsFactoryTest" time="0.001"/>
  <testcase name="createElectronics_ShouldCreateElectronicsWithAllAttributes()" classname="com.amsoft.shopping.core.factory.ElectronicsFactoryTest" time="0.0"/>
  <system-out><![CDATA[]]></system-out>
  <system-err><![CDATA[]]></system-err>
</testsuite>
