<?xml version="1.0" encoding="UTF-8"?>
<testsuite name="com.amsoft.shopping.core.repository.ProductRepositoryTest" tests="5" skipped="0" failures="0" errors="0" timestamp="2023-06-02T12:52:34" hostname="alex-pumnea-mba.local" time="0.398">
  <properties/>
  <testcase name="shouldReturnAllItems()" classname="com.amsoft.shopping.core.repository.ProductRepositoryTest" time="0.387"/>
  <testcase name="shouldSaveOneItem()" classname="com.amsoft.shopping.core.repository.ProductRepositoryTest" time="0.005"/>
  <testcase name="shouldUpdateQuantityToEight()" classname="com.amsoft.shopping.core.repository.ProductRepositoryTest" time="0.0"/>
  <testcase name="shouldDeleteOneItem()" classname="com.amsoft.shopping.core.repository.ProductRepositoryTest" time="0.0"/>
  <testcase name="shouldReturnQuantityOfTen()" classname="com.amsoft.shopping.core.repository.ProductRepositoryTest" time="0.002"/>
  <system-out><![CDATA[]]></system-out>
  <system-err><![CDATA[]]></system-err>
</testsuite>
